<?xml version="1.0" encoding="UTF-8" ?>
<testsuite tests="1" failures="0" name="com.test.common.AppTest" time="1.204" errors="0" skipped="0">
  <properties>
    <property name="java.runtime.name" value="Java(TM) SE Runtime Environment"/>
    <property name="sun.boot.library.path" value="c:\Program Files\Java\jdk1.8.0_181\jre\bin"/>
    <property name="java.vm.version" value="25.181-b13"/>
    <property name="java.vm.vendor" value="Oracle Corporation"/>
    <property name="maven.multiModuleProjectDirectory" value="d:\百度云同步盘\Dev\Java实训\Java基础\examples\mvn\wallpaper"/>
    <property name="java.vendor.url" value="http://java.oracle.com/"/>
    <property name="path.separator" value=";"/>
    <property name="guice.disable.misplaced.annotation.check" value="true"/>
    <property name="java.vm.name" value="Java HotSpot(TM) 64-Bit Server VM"/>
    <property name="file.encoding.pkg" value="sun.io"/>
    <property name="user.script" value=""/>
    <property name="user.country" value="CN"/>
    <property name="sun.java.launcher" value="SUN_STANDARD"/>
    <property name="sun.os.patch.level" value=""/>
    <property name="java.vm.specification.name" value="Java Virtual Machine Specification"/>
    <property name="user.dir" value="d:\百度云同步盘\Dev\Java实训\Java基础\examples\mvn\wallpaper"/>
    <property name="java.runtime.version" value="1.8.0_181-b13"/>
    <property name="java.awt.graphicsenv" value="sun.awt.Win32GraphicsEnvironment"/>
    <property name="java.endorsed.dirs" value="c:\Program Files\Java\jdk1.8.0_181\jre\lib\endorsed"/>
    <property name="os.arch" value="amd64"/>
    <property name="java.io.tmpdir" value="C:\Users\lgc653\AppData\Local\Temp\"/>
    <property name="line.separator" value="
"/>
    <property name="java.vm.specification.vendor" value="Oracle Corporation"/>
    <property name="user.variant" value=""/>
    <property name="os.name" value="Windows 10"/>
    <property name="classworlds.conf" value="c:\Users\lgc653\.m2\wrapper\dists\apache-maven-3.5.4-bin\4lcg54ki11c6mp435njk296gm5\apache-maven-3.5.4\bin\..\bin\m2.conf"/>
    <property name="sun.jnu.encoding" value="GBK"/>
    <property name="java.library.path" value="c:\Program Files\Java\jdk1.8.0_181\bin;C:\WINDOWS\Sun\Java\bin;C:\WINDOWS\system32;C:\WINDOWS;C:\Tools\cmder\bin;C:\Tools\cmder\vendor\conemu-maximus5\ConEmu\Scripts;C:\Tools\cmder\vendor\conemu-maximus5;C:\Tools\cmder\vendor\conemu-maximus5\ConEmu;C:\Program Files (x86)\NetSarang\Xshell 6\;C:\Program Files (x86)\Common Files\Oracle\Java\javapath;C:\Program Files (x86)\Intel\Intel(R) Management Engine Components\iCLS\;C:\Program Files\Intel\Intel(R) Management Engine Components\iCLS\;C:\Windows\system32;C:\Windows;C:\Windows\System32\Wbem;C:\Windows\System32\WindowsPowerShell\v1.0\;C:\Program Files (x86)\Intel\Intel(R) Management Engine Components\DAL;C:\Program Files\Intel\Intel(R) Management Engine Components\DAL;C:\Program Files (x86)\Intel\Intel(R) Management Engine Components\IPT;C:\Program Files\Intel\Intel(R) Management Engine Components\IPT;C:\Program Files (x86)\NVIDIA Corporation\PhysX\Common;C:\Program Files\Intel\WiFi\bin\;C:\Program Files\Common Files\Intel\WirelessCommon\;c:\Python27\;c:\Tools\xampp\php\;C:\Program Files\TortoiseGit\bin;c:\Python27\Scripts\;c:\Tools\cmder\;c:\Program Files (x86)\Google\Chrome\Application\;c:\Users\lgc653\AppData\Local\Android\Sdk\platform-tools\;C:\WINDOWS\system32;C:\WINDOWS;C:\WINDOWS\System32\Wbem;C:\WINDOWS\System32\WindowsPowerShell\v1.0\;C:\WINDOWS\System32\OpenSSH\;C:\Program Files\Pandoc\;C:\Go\bin;C:\Program Files\NVIDIA Corporation\NVIDIA NvDLISR;C:\Program Files\nodejs\;C:\Program Files\Git\cmd;C:\Users\lgc653\AppData\Local\Microsoft\WindowsApps;C:\Users\lgc653\AppData\Local\Programs\Microsoft VS Code\bin;C:\Users\lgc653\go\bin;C:\Users\lgc653\AppData\Roaming\npm;c:\Users\lgc653\.m2\wrapper\dists\apache-maven-3.5.4-bin\4lcg54ki11c6mp435njk296gm5\apache-maven-3.5.4\bin\;C:\Program Files\Git\mingw64;C:\Program Files\Git\usr\bin;C:\Tools\cmder;."/>
    <property name="maven.conf" value="c:\Users\lgc653\.m2\wrapper\dists\apache-maven-3.5.4-bin\4lcg54ki11c6mp435njk296gm5\apache-maven-3.5.4\bin\../conf"/>
    <property name="java.specification.name" value="Java Platform API Specification"/>
    <property name="java.class.version" value="52.0"/>
    <property name="sun.management.compiler" value="HotSpot 64-Bit Tiered Compilers"/>
    <property name="os.version" value="10.0"/>
    <property name="library.jansi.path" value="c:\Users\lgc653\.m2\wrapper\dists\apache-maven-3.5.4-bin\4lcg54ki11c6mp435njk296gm5\apache-maven-3.5.4\bin\..\lib\jansi-native"/>
    <property name="user.home" value="C:\Users\lgc653"/>
    <property name="user.timezone" value="Asia/Shanghai"/>
    <property name="java.awt.printerjob" value="sun.awt.windows.WPrinterJob"/>
    <property name="java.specification.version" value="1.8"/>
    <property name="file.encoding" value="GBK"/>
    <property name="user.name" value="lgc653"/>
    <property name="java.class.path" value="c:\Users\lgc653\.m2\wrapper\dists\apache-maven-3.5.4-bin\4lcg54ki11c6mp435njk296gm5\apache-maven-3.5.4\bin\..\boot\plexus-classworlds-2.5.2.jar"/>
    <property name="java.vm.specification.version" value="1.8"/>
    <property name="sun.arch.data.model" value="64"/>
    <property name="java.home" value="c:\Program Files\Java\jdk1.8.0_181\jre"/>
    <property name="sun.java.command" value="org.codehaus.plexus.classworlds.launcher.Launcher test"/>
    <property name="java.specification.vendor" value="Oracle Corporation"/>
    <property name="user.language" value="zh"/>
    <property name="awt.toolkit" value="sun.awt.windows.WToolkit"/>
    <property name="java.vm.info" value="mixed mode"/>
    <property name="java.version" value="1.8.0_181"/>
    <property name="java.ext.dirs" value="c:\Program Files\Java\jdk1.8.0_181\jre\lib\ext;C:\WINDOWS\Sun\Java\lib\ext"/>
    <property name="sun.boot.class.path" value="c:\Program Files\Java\jdk1.8.0_181\jre\lib\resources.jar;c:\Program Files\Java\jdk1.8.0_181\jre\lib\rt.jar;c:\Program Files\Java\jdk1.8.0_181\jre\lib\sunrsasign.jar;c:\Program Files\Java\jdk1.8.0_181\jre\lib\jsse.jar;c:\Program Files\Java\jdk1.8.0_181\jre\lib\jce.jar;c:\Program Files\Java\jdk1.8.0_181\jre\lib\charsets.jar;c:\Program Files\Java\jdk1.8.0_181\jre\lib\jfr.jar;c:\Program Files\Java\jdk1.8.0_181\jre\classes"/>
    <property name="sun.stderr.encoding" value="ms936"/>
    <property name="java.vendor" value="Oracle Corporation"/>
    <property name="maven.home" value="c:\Users\lgc653\.m2\wrapper\dists\apache-maven-3.5.4-bin\4lcg54ki11c6mp435njk296gm5\apache-maven-3.5.4\bin\.."/>
    <property name="file.separator" value="\"/>
    <property name="java.vendor.url.bug" value="http://bugreport.sun.com/bugreport/"/>
    <property name="sun.cpu.endian" value="little"/>
    <property name="sun.io.unicode.encoding" value="UnicodeLittle"/>
    <property name="sun.stdout.encoding" value="ms936"/>
    <property name="sun.desktop" value="windows"/>
    <property name="sun.cpu.isalist" value="amd64"/>
  </properties>
  <testcase classname="com.test.common.AppTest" name="testApp" time="1.204"/>
</testsuite>